[0m20:26:03.455146 [debug] [MainThread]: Sending event: {'category': 'dbt', 'action': 'invocation', 'label': 'start', 'context': [<snowplow_tracker.self_describing_json.SelfDescribingJson object at 0x0000026321C397F0>, <snowplow_tracker.self_describing_json.SelfDescribingJson object at 0x000002632439FED0>, <snowplow_tracker.self_describing_json.SelfDescribingJson object at 0x000002632439F890>]}


============================== 20:26:03.458226 | fca33b5c-0ba9-4367-96f3-ab67b18a37bc ==============================
[0m20:26:03.458226 [info ] [MainThread]: Running with dbt=1.12.0
[0m20:26:03.458767 [debug] [MainThread]: running dbt with arguments {'static_parser': 'True', 'no_print': 'None', 'maximum_seed_size_mib': '1', 'target_path': 'None', 'version_check': 'True', 'warn_error_options': 'WarnErrorOptionsV2(error=[], warn=[], silence=[])', 'printer_width': '80', 'write_json': 'True', 'introspect': 'True', 'log_cache_events': 'False', 'empty': 'None', 'cache_selected_only': 'False', 'fail_fast': 'False', 'debug': 'False', 'log_format': 'default', 'partial_parse': 'True', 'send_anonymous_usage_stats': 'True', 'quiet': 'False', 'warn_error': 'None', 'profiles_dir': 'C:\\Users\\gianl\\.dbt', 'invocation_command': 'dbt init dbt_project --skip-profile-setup', 'hints_enabled': 'True', 'indirect_selection': 'eager', 'use_experimental_parser': 'False', 'use_colors': 'True', 'log_path': 'logs'}
[0m20:26:03.502032 [info ] [MainThread]: Creating dbt configuration folder at C:\Users\gianl\.dbt
[0m20:26:03.503520 [info ] [MainThread]: A project called dbt_project already exists here.
[0m20:26:03.504353 [debug] [MainThread]: Command `dbt init` succeeded at 20:26:03.504262 after 0.19 seconds
[0m20:26:03.504617 [debug] [MainThread]: Sending event: {'category': 'dbt', 'action': 'invocation', 'label': 'end', 'context': [<snowplow_tracker.self_describing_json.SelfDescribingJson object at 0x000002632439B6F0>, <snowplow_tracker.self_describing_json.SelfDescribingJson object at 0x0000026324262450>, <snowplow_tracker.self_describing_json.SelfDescribingJson object at 0x00000263243DE8B0>]}
[0m20:26:03.504900 [debug] [MainThread]: Flushing usage events
[0m20:26:04.102993 [debug] [MainThread]: An error was encountered while trying to flush usage events
[0m20:32:30.374160 [debug] [MainThread]: Sending event: {'category': 'dbt', 'action': 'invocation', 'label': 'start', 'context': [<snowplow_tracker.self_describing_json.SelfDescribingJson object at 0x0000024445DAD7F0>, <snowplow_tracker.self_describing_json.SelfDescribingJson object at 0x00000244484FFED0>, <snowplow_tracker.self_describing_json.SelfDescribingJson object at 0x00000244484FF890>]}


============================== 20:32:30.376932 | d637bff0-6103-4779-8c3c-6c5a460216f1 ==============================
[0m20:32:30.376932 [info ] [MainThread]: Running with dbt=1.12.0
[0m20:32:30.377416 [debug] [MainThread]: running dbt with arguments {'maximum_seed_size_mib': '1', 'no_print': 'None', 'static_parser': 'True', 'target_path': 'None', 'version_check': 'True', 'warn_error_options': 'WarnErrorOptionsV2(error=[], warn=[], silence=[])', 'printer_width': '80', 'write_json': 'True', 'empty': 'None', 'log_cache_events': 'False', 'introspect': 'True', 'cache_selected_only': 'False', 'log_format': 'default', 'debug': 'False', 'fail_fast': 'False', 'partial_parse': 'True', 'send_anonymous_usage_stats': 'True', 'quiet': 'False', 'warn_error': 'None', 'profiles_dir': 'C:\\Users\\gianl\\.dbt', 'use_colors': 'True', 'hints_enabled': 'True', 'invocation_command': 'dbt init dbt_project', 'use_experimental_parser': 'False', 'indirect_selection': 'eager', 'log_path': 'logs'}
[0m20:32:30.391357 [debug] [MainThread]: Starter project path: C:\Users\gianl\Documents\data-engineering-portfolio\venv\Lib\site-packages\dbt\include\starter_project
[0m20:32:30.401291 [info ] [MainThread]: Setting up your profile.
[0m20:33:50.466182 [error] [MainThread]: [[31mERROR[0m]: Encountered an error:

[0m20:33:50.468620 [error] [MainThread]: Traceback (most recent call last):
  File "C:\Users\gianl\Documents\data-engineering-portfolio\venv\Lib\site-packages\dbt\cli\requires.py", line 190, in wrapper
    result, success = func(*args, **kwargs)
                      ~~~~^^^^^^^^^^^^^^^^^
  File "C:\Users\gianl\Documents\data-engineering-portfolio\venv\Lib\site-packages\dbt\cli\requires.py", line 136, in wrapper
    return func(*args, **kwargs)
  File "C:\Users\gianl\Documents\data-engineering-portfolio\venv\Lib\site-packages\dbt\cli\main.py", line 503, in init
    results = task.run()
  File "C:\Users\gianl\Documents\data-engineering-portfolio\venv\Lib\site-packages\dbt\task\init.py", line 360, in run
    self.setup_profile(profile_name)
    ~~~~~~~~~~~~~~~~~~^^^^^^^^^^^^^^
  File "C:\Users\gianl\Documents\data-engineering-portfolio\venv\Lib\site-packages\dbt\task\init.py", line 264, in setup_profile
    self.create_profile_from_target(adapter, profile_name=profile_name)
    ~~~~~~~~~~~~~~~~~~~~~~~~~~~~~~~^^^^^^^^^^^^^^^^^^^^^^^^^^^^^^^^^^^^
  File "C:\Users\gianl\Documents\data-engineering-portfolio\venv\Lib\site-packages\dbt\task\init.py", line 181, in create_profile_from_target
    self.create_profile_from_profile_template(profile_template, profile_name)
    ~~~~~~~~~~~~~~~~~~~~~~~~~~~~~~~~~~~~~~~~~^^^^^^^^^^^^^^^^^^^^^^^^^^^^^^^^
  File "C:\Users\gianl\Documents\data-engineering-portfolio\venv\Lib\site-packages\dbt\task\init.py", line 165, in create_profile_from_profile_template
    target = self.generate_target_from_input(prompts, initial_target)
  File "C:\Users\gianl\Documents\data-engineering-portfolio\venv\Lib\site-packages\dbt\task\init.py", line 131, in generate_target_from_input
    target[key] = click.prompt(
                  ~~~~~~~~~~~~^
        text, default=default, hide_input=hide_input, type=type
        ^^^^^^^^^^^^^^^^^^^^^^^^^^^^^^^^^^^^^^^^^^^^^^^^^^^^^^^
    )
    ^
  File "C:\Users\gianl\Documents\data-engineering-portfolio\venv\Lib\site-packages\click\termui.py", line 218, in prompt
    value = prompt_func(prompt)
  File "C:\Users\gianl\Documents\data-engineering-portfolio\venv\Lib\site-packages\click\termui.py", line 201, in prompt_func
    raise Abort() from None
click.exceptions.Abort

[0m20:33:50.469594 [debug] [MainThread]: Command `dbt init` failed at 20:33:50.469501 after 80.22 seconds
[0m20:33:50.469857 [debug] [MainThread]: Sending event: {'category': 'dbt', 'action': 'invocation', 'label': 'end', 'context': [<snowplow_tracker.self_describing_json.SelfDescribingJson object at 0x0000024459BFB490>, <snowplow_tracker.self_describing_json.SelfDescribingJson object at 0x0000024459BD3E30>, <snowplow_tracker.self_describing_json.SelfDescribingJson object at 0x0000024459BFE580>]}
[0m20:33:50.470128 [debug] [MainThread]: Flushing usage events
[0m20:33:51.040038 [debug] [MainThread]: An error was encountered while trying to flush usage events
[0m20:33:58.467164 [debug] [MainThread]: Sending event: {'category': 'dbt', 'action': 'invocation', 'label': 'start', 'context': [<snowplow_tracker.self_describing_json.SelfDescribingJson object at 0x00000124FEF9D7F0>, <snowplow_tracker.self_describing_json.SelfDescribingJson object at 0x000001248171FED0>, <snowplow_tracker.self_describing_json.SelfDescribingJson object at 0x000001248171F890>]}


============================== 20:33:58.469878 | 89908622-e262-49e3-abbc-5e3917d47489 ==============================
[0m20:33:58.469878 [info ] [MainThread]: Running with dbt=1.12.0
[0m20:33:58.470412 [debug] [MainThread]: running dbt with arguments {'maximum_seed_size_mib': '1', 'no_print': 'None', 'static_parser': 'True', 'warn_error_options': 'WarnErrorOptionsV2(error=[], warn=[], silence=[])', 'target_path': 'None', 'version_check': 'True', 'printer_width': '80', 'write_json': 'True', 'empty': 'None', 'log_cache_events': 'False', 'introspect': 'True', 'cache_selected_only': 'False', 'fail_fast': 'False', 'debug': 'False', 'log_format': 'default', 'profiles_dir': 'C:\\Users\\gianl\\.dbt', 'send_anonymous_usage_stats': 'True', 'quiet': 'False', 'warn_error': 'None', 'partial_parse': 'True', 'invocation_command': 'dbt init dbt_project', 'hints_enabled': 'True', 'use_colors': 'True', 'use_experimental_parser': 'False', 'indirect_selection': 'eager', 'log_path': 'logs'}
[0m20:33:58.483489 [debug] [MainThread]: Starter project path: C:\Users\gianl\Documents\data-engineering-portfolio\venv\Lib\site-packages\dbt\include\starter_project
[0m20:33:58.493276 [info ] [MainThread]: Setting up your profile.
[0m20:34:26.516221 [info ] [MainThread]: Profile dbt_project written to C:\Users\gianl\.dbt\profiles.yml using target's profile_template.yml and your supplied values.
[0m20:34:26.518114 [info ] [MainThread]: Running dbt debug to validate the project...
[0m20:34:26.518588 [info ] [MainThread]: dbt version: 1.12.0
[0m20:34:26.518861 [info ] [MainThread]: python version: 3.13.12
[0m20:34:26.519120 [info ] [MainThread]: python path: C:\Users\gianl\Documents\data-engineering-portfolio\venv\Scripts\python.exe
[0m20:34:26.519357 [info ] [MainThread]: os info: Windows-11-10.0.26200-SP0
[0m20:34:26.566142 [info ] [MainThread]: Using profiles dir at C:\Users\gianl\.dbt
[0m20:34:26.566528 [info ] [MainThread]: Using profiles.yml file at C:\Users\gianl\.dbt\profiles.yml
[0m20:34:26.566915 [info ] [MainThread]: Using dbt_project.yml file at C:\Users\gianl\Documents\data-engineering-portfolio\dbt_project\dbt_project.yml
[0m20:34:26.567283 [info ] [MainThread]: adapter type: bigquery
[0m20:34:26.567571 [info ] [MainThread]: adapter version: 1.12.0
[0m20:34:26.658064 [info ] [MainThread]: Configuration:
[0m20:34:26.658432 [info ] [MainThread]:   profiles.yml file [[32mOK found and valid[0m]
[0m20:34:26.658700 [info ] [MainThread]:   dbt_project.yml file [[32mOK found and valid[0m]
[0m20:34:26.658948 [info ] [MainThread]: Required dependencies:
[0m20:34:26.659197 [debug] [MainThread]: Executing "git --help"
[0m20:34:26.688672 [debug] [MainThread]: STDOUT: "b"usage: git [-v | --version] [-h | --help] [-C <path>] [-c <name>=<value>]\n           [--exec-path[=<path>]] [--html-path] [--man-path] [--info-path]\n           [-p | --paginate | -P | --no-pager] [--no-replace-objects] [--no-lazy-fetch]\n           [--no-optional-locks] [--no-advice] [--bare] [--git-dir=<path>]\n           [--work-tree=<path>] [--namespace=<name>] [--config-env=<name>=<envvar>]\n           <command> [<args>]\n\nThese are common Git commands used in various situations:\n\nstart a working area (see also: git help tutorial)\n   clone      Clone a repository into a new directory\n   init       Create an empty Git repository or reinitialize an existing one\n\nwork on the current change (see also: git help everyday)\n   add        Add file contents to the index\n   mv         Move or rename a file, a directory, or a symlink\n   restore    Restore working tree files\n   rm         Remove files from the working tree and from the index\n\nexamine the history and state (see also: git help revisions)\n   bisect     Use binary search to find the commit that introduced a bug\n   diff       Show changes between commits, commit and working tree, etc\n   grep       Print lines matching a pattern\n   log        Show commit logs\n   show       Show various types of objects\n   status     Show the working tree status\n\ngrow, mark and tweak your common history\n   backfill   Download missing objects in a partial clone\n   branch     List, create, or delete branches\n   commit     Record changes to the repository\n   history    EXPERIMENTAL: Rewrite history\n   merge      Join two or more development histories together\n   rebase     Reapply commits on top of another base tip\n   reset      Set `HEAD` or the index to a known state\n   switch     Switch branches\n   tag        Create, list, delete or verify tags\n\ncollaborate (see also: git help workflows)\n   fetch      Download objects and refs from another repository\n   pull       Fetch from and integrate with another repository or a local branch\n   push       Update remote refs along with associated objects\n\n'git help -a' and 'git help -g' list available subcommands and some\nconcept guides. See 'git help <command>' or 'git help <concept>'\nto read about a specific subcommand or concept.\nSee 'git help git' for an overview of the system.\n""
[0m20:34:26.688986 [debug] [MainThread]: STDERR: "b''"
[0m20:34:26.689263 [info ] [MainThread]:  - git [[32mOK found[0m]

[0m20:34:26.689531 [info ] [MainThread]: Connection:
[0m20:34:26.689792 [info ] [MainThread]:   method: oauth
[0m20:34:26.690025 [info ] [MainThread]:   database: portfolio-de-2026
[0m20:34:26.690260 [info ] [MainThread]:   execution_project: portfolio-de-2026
[0m20:34:26.690528 [info ] [MainThread]:   schema: dbt_dev
[0m20:34:26.690793 [info ] [MainThread]:   location: US
[0m20:34:26.691036 [info ] [MainThread]:   priority: interactive
[0m20:34:26.691271 [info ] [MainThread]:   maximum_bytes_billed: None
[0m20:34:26.691504 [info ] [MainThread]:   reservation: None
[0m20:34:26.691728 [info ] [MainThread]:   impersonate_service_account: None
[0m20:34:26.691952 [info ] [MainThread]:   job_retry_deadline_seconds: None
[0m20:34:26.692175 [info ] [MainThread]:   job_retries: 1
[0m20:34:26.692399 [info ] [MainThread]:   job_creation_timeout_seconds: None
[0m20:34:26.692625 [info ] [MainThread]:   job_execution_timeout_seconds: 300
[0m20:34:26.692846 [info ] [MainThread]:   job_link_info_level_log: False
[0m20:34:26.693069 [info ] [MainThread]:   timeout_seconds: 300
[0m20:34:26.693290 [info ] [MainThread]:   client_id: None
[0m20:34:26.693515 [info ] [MainThread]:   token_uri: None
[0m20:34:26.693733 [info ] [MainThread]:   compute_region: None
[0m20:34:26.694004 [info ] [MainThread]:   dataproc_cluster_name: None
[0m20:34:26.694269 [info ] [MainThread]:   gcs_bucket: None
[0m20:34:26.694548 [info ] [MainThread]:   dataproc_batch: None
[0m20:34:26.695138 [info ] [MainThread]: Registered adapter: bigquery=1.12.0
[0m20:34:27.099753 [debug] [MainThread]: Acquiring new bigquery connection 'debug'
[0m20:34:27.100030 [debug] [MainThread]: On debug: select 1 as id
[0m20:34:27.100269 [debug] [MainThread]: Opening a new connection, currently in state init
[0m20:34:29.853141 [debug] [MainThread]: BigQuery adapter: https://console.cloud.google.com/bigquery?project=portfolio-de-2026&j=bq:US:e2394423-d1be-4c21-b31f-e4fd0c1f3941&page=queryresults
[0m20:34:30.180104 [debug] [MainThread]: SQL status: OK in 0.327 seconds
[0m20:34:30.576049 [info ] [MainThread]:   Connection test: [[32mOK connection ok[0m]

[0m20:34:30.576411 [info ] [MainThread]: [32mAll checks passed![0m
[0m20:34:30.576698 [info ] [MainThread]: Your new dbt project "dbt_project" was created!
Initialized new project in C:\Users\gianl\Documents\data-engineering-portfolio\dbt_project\dbt_project

For more information on how to configure the profiles.yml file,
please consult the dbt documentation here:

  https://docs.getdbt.com/docs/configure-your-profile

One more thing:

Need help? Don't hesitate to reach out to us via GitHub issues or on Slack:

  https://community.getdbt.com/

Happy modeling!

[0m20:34:30.577449 [debug] [MainThread]: Command `dbt init` succeeded at 20:34:30.577354 after 32.24 seconds
[0m20:34:30.577696 [debug] [MainThread]: Connection 'debug' was properly closed.
[0m20:34:30.577961 [debug] [MainThread]: Sending event: {'category': 'dbt', 'action': 'invocation', 'label': 'end', 'context': [<snowplow_tracker.self_describing_json.SelfDescribingJson object at 0x00000124930C2B10>, <snowplow_tracker.self_describing_json.SelfDescribingJson object at 0x00000124815E2450>, <snowplow_tracker.self_describing_json.SelfDescribingJson object at 0x000001249303FF00>]}
[0m20:34:30.578231 [debug] [MainThread]: Flushing usage events
[0m20:34:31.074927 [debug] [MainThread]: An error was encountered while trying to flush usage events
